<?xml version="1.0" encoding="UTF-8"?>
<!-- Generated by org.testng.reporters.JUnitXMLReporter -->
<testsuite ignored="0" hostname="DESKTOP-8H3JR7M" failures="1" tests="2" name="Run on FIREFOX browser" time="37.244" errors="0" timestamp="24 Feb 2025 07:41:06 GMT">
  <testcase classname="nopCommerce.user.User_Register" name="TC_03_Register_Success" time="4.643">
    <failure type="java.lang.AssertionError" message="expected [Thank you for registering with Main Website Store..] but found [Thank you for registering with Main Website Store.]">
      <![CDATA[java.lang.AssertionError: expected [Thank you for registering with Main Website Store..] but found [Thank you for registering with Main Website Store.]
at nopCommerce.user.User_Register.TC_03_Register_Success(User_Register.java:72)
... Removed 31 stack frames]]>
    </failure>
  </testcase> <!-- TC_03_Register_Success -->
  <testcase classname="nopCommerce.user.User_Login" name="Login_06_Valid_Login" time="5.776"/>
</testsuite> <!-- Run on FIREFOX browser -->
