<?xml version="1.0" encoding="UTF-8"?>
<!-- Generated by org.testng.reporters.JUnitXMLReporter -->
<testsuite ignored="0" hostname="DESKTOP-8H3JR7M" failures="0" tests="2" name="Run on FIREFOX browser" time="29.726" errors="0" timestamp="19 Feb 2025 07:26:10 GMT">
  <testcase classname="nopCommerce.user.User_Register" name="TC_03_Register_Success" time="6.045"/>
  <testcase classname="nopCommerce.user.User_Login" name="Login_06_Valid_Login" time="1.628"/>
</testsuite> <!-- Run on FIREFOX browser -->
