<?xml version="1.0" encoding="UTF-8"?>
<testng-results ignored="0" total="2" passed="2" failed="0" skipped="0">
  <reporter-output>
  </reporter-output>
  <suite started-at="2025-02-19T07:25:40Z" name="Suite" finished-at="2025-02-19T07:26:10Z" duration-ms="29726">
    <groups>
    </groups>
    <test started-at="2025-02-19T07:25:40Z" name="Run on FIREFOX browser" finished-at="2025-02-19T07:26:10Z" duration-ms="29726">
      <class name="nopCommerce.user.User_Login">
        <test-method is-config="true" signature="beforeClass()[pri:0, instance:nopCommerce.user.User_Login@2aceadd4]" started-at="2025-02-19T07:25:57Z" name="beforeClass" finished-at="2025-02-19T07:26:09Z" duration-ms="11382" status="PASS">
          <reporter-output>
          </reporter-output>
        </test-method> <!-- beforeClass -->
        <test-method signature="Login_06_Valid_Login()[pri:0, instance:nopCommerce.user.User_Login@2aceadd4]" started-at="2025-02-19T07:26:09Z" name="Login_06_Valid_Login" finished-at="2025-02-19T07:26:10Z" duration-ms="1628" status="PASS">
          <reporter-output>
          </reporter-output>
        </test-method> <!-- Login_06_Valid_Login -->
        <test-method is-config="true" signature="afterClass()[pri:0, instance:nopCommerce.user.User_Login@2aceadd4]" started-at="2025-02-19T07:26:10Z" name="afterClass" finished-at="2025-02-19T07:26:10Z" duration-ms="0" status="PASS">
          <reporter-output>
          </reporter-output>
        </test-method> <!-- afterClass -->
      </class> <!-- nopCommerce.user.User_Login -->
      <class name="nopCommerce.user.User_Register">
        <test-method is-config="true" signature="beforeClass()[pri:0, instance:nopCommerce.user.User_Register@24269709]" started-at="2025-02-19T07:25:40Z" name="beforeClass" finished-at="2025-02-19T07:25:51Z" duration-ms="10637" status="PASS">
          <reporter-output>
          </reporter-output>
        </test-method> <!-- beforeClass -->
        <test-method signature="TC_03_Register_Success()[pri:0, instance:nopCommerce.user.User_Register@24269709]" started-at="2025-02-19T07:25:51Z" name="TC_03_Register_Success" finished-at="2025-02-19T07:25:57Z" duration-ms="6045" status="PASS">
          <reporter-output>
          </reporter-output>
        </test-method> <!-- TC_03_Register_Success -->
        <test-method is-config="true" signature="afterClass()[pri:0, instance:nopCommerce.user.User_Register@24269709]" started-at="2025-02-19T07:25:57Z" name="afterClass" finished-at="2025-02-19T07:25:57Z" duration-ms="0" status="PASS">
          <reporter-output>
          </reporter-output>
        </test-method> <!-- afterClass -->
      </class> <!-- nopCommerce.user.User_Register -->
    </test> <!-- Run on FIREFOX browser -->
  </suite> <!-- Suite -->
</testng-results>
